Determining if the pthread_create exist failed with the following output:
Change Dir: /home/tmrcv1/catkin_ws/src/iai_kinect2/build-registration_viewer-Desktop-Default/CMakeFiles/CMakeTmp

Run Build Command:/usr/bin/make "cmTryCompileExec1815932347/fast"
/usr/bin/make -f CMakeFiles/cmTryCompileExec1815932347.dir/build.make CMakeFiles/cmTryCompileExec1815932347.dir/build
make[1]: Entering directory `/home/tmrcv1/catkin_ws/src/iai_kinect2/build-registration_viewer-Desktop-Default/CMakeFiles/CMakeTmp'
/usr/bin/cmake -E cmake_progress_report /home/tmrcv1/catkin_ws/src/iai_kinect2/build-registration_viewer-Desktop-Default/CMakeFiles/CMakeTmp/CMakeFiles 1
Building C object CMakeFiles/cmTryCompileExec1815932347.dir/CheckSymbolExists.c.o
/usr/bin/cc    -o CMakeFiles/cmTryCompileExec1815932347.dir/CheckSymbolExists.c.o   -c /home/tmrcv1/catkin_ws/src/iai_kinect2/build-registration_viewer-Desktop-Default/CMakeFiles/CMakeTmp/CheckSymbolExists.c
Linking C executable cmTryCompileExec1815932347
/usr/bin/cmake -E cmake_link_script CMakeFiles/cmTryCompileExec1815932347.dir/link.txt --verbose=1
/usr/bin/cc       CMakeFiles/cmTryCompileExec1815932347.dir/CheckSymbolExists.c.o  -o cmTryCompileExec1815932347 -rdynamic 
CMakeFiles/cmTryCompileExec1815932347.dir/CheckSymbolExists.c.o: In function `main':
CheckSymbolExists.c:(.text+0x16): undefined reference to `pthread_create'
collect2: error: ld returned 1 exit status
make[1]: *** [cmTryCompileExec1815932347] Error 1
make[1]: Leaving directory `/home/tmrcv1/catkin_ws/src/iai_kinect2/build-registration_viewer-Desktop-Default/CMakeFiles/CMakeTmp'
make: *** [cmTryCompileExec1815932347/fast] Error 2

File /home/tmrcv1/catkin_ws/src/iai_kinect2/build-registration_viewer-Desktop-Default/CMakeFiles/CMakeTmp/CheckSymbolExists.c:
/* */
#include <pthread.h>

int main(int argc, char** argv)
{
  (void)argv;
#ifndef pthread_create
  return ((int*)(&pthread_create))[argc];
#else
  (void)argc;
  return 0;
#endif
}

Determining if the function pthread_create exists in the pthreads failed with the following output:
Change Dir: /home/tmrcv1/catkin_ws/src/iai_kinect2/build-registration_viewer-Desktop-Default/CMakeFiles/CMakeTmp

Run Build Command:/usr/bin/make "cmTryCompileExec3827776015/fast"
/usr/bin/make -f CMakeFiles/cmTryCompileExec3827776015.dir/build.make CMakeFiles/cmTryCompileExec3827776015.dir/build
make[1]: Entering directory `/home/tmrcv1/catkin_ws/src/iai_kinect2/build-registration_viewer-Desktop-Default/CMakeFiles/CMakeTmp'
/usr/bin/cmake -E cmake_progress_report /home/tmrcv1/catkin_ws/src/iai_kinect2/build-registration_viewer-Desktop-Default/CMakeFiles/CMakeTmp/CMakeFiles 1
Building C object CMakeFiles/cmTryCompileExec3827776015.dir/CheckFunctionExists.c.o
/usr/bin/cc   -DCHECK_FUNCTION_EXISTS=pthread_create   -o CMakeFiles/cmTryCompileExec3827776015.dir/CheckFunctionExists.c.o   -c /usr/share/cmake-2.8/Modules/CheckFunctionExists.c
Linking C executable cmTryCompileExec3827776015
/usr/bin/cmake -E cmake_link_script CMakeFiles/cmTryCompileExec3827776015.dir/link.txt --verbose=1
/usr/bin/cc   -DCHECK_FUNCTION_EXISTS=pthread_create    CMakeFiles/cmTryCompileExec3827776015.dir/CheckFunctionExists.c.o  -o cmTryCompileExec3827776015 -rdynamic -lpthreads 
/usr/bin/ld: cannot find -lpthreads
collect2: error: ld returned 1 exit status
make[1]: Leaving directory `/home/tmrcv1/catkin_ws/src/iai_kinect2/build-registration_viewer-Desktop-Default/CMakeFiles/CMakeTmp'
make[1]: *** [cmTryCompileExec3827776015] Error 1
make: *** [cmTryCompileExec3827776015/fast] Error 2


